         w __deregister_frame_info
         w __register_frame_info
         w userAppExit
         w userAppInit
00000000 00000802 B __ctru_dev_utf16_buf
00000000 A __sync_synchronize
00000000 b _TLS_MODULE_BASE_
00000000 a shift
00000804 00000401 B __ctru_dev_path_buf
00100000 A __start__
00100000 T _start
00100008 T __service_ptr
0010000c T __apt_appid
00100010 T __heap_size
00100014 T __linear_heap_size
00100018 T __system_arglist
0010001c T __system_runflags
00100020 t startup
00100058 t ClearMem
0010006c t ClrLoop
00100094 T _init
001000ac T __aeabi_drsub
001000b4 000002b0 T __aeabi_dsub
001000b4 000002b0 T __subdf3
001000b8 000002ac T __adddf3
001000b8 000002ac T __aeabi_dadd
00100364 00000024 T __aeabi_ui2d
00100364 00000024 T __floatunsidf
00100388 00000028 T __aeabi_i2d
00100388 00000028 T __floatsidf
001003b0 00000048 T __aeabi_f2d
001003b0 00000048 T __extendsfdf2
001003f8 00000074 T __aeabi_ul2d
001003f8 00000074 T __floatundidf
0010040c 00000060 T __aeabi_l2d
0010040c 00000060 T __floatdidf
0010046c 00000004 W __aeabi_idiv0
0010046c 00000004 W __aeabi_ldiv0
00100488 00000390 T strcmp
00100810 t .udivsi3_skip_div0_test
00100810 T __aeabi_uidiv
00100810 000001ec T __udivsi3
001009fc 00000020 T __aeabi_uidivmod
00100a1c t __do_global_dtors_aux
00100a6c t frame_dummy
00100a98 000004d0 T main
00100f68 00000028 T AttrInfo_Init
00100f90 00000094 T AttrInfo_AddLoader
00101024 00000020 T C3D_GetAttrInfo
00101044 00000080 T C3Di_AttrInfoBind
001010c4 00000004 W C3Di_LightEnvUpdate
001010c8 00000004 W C3Di_LightEnvDirty
001010cc 00000004 W C3Di_ProcTexUpdate
001010d0 00000004 W C3Di_ProcTexDirty
001010d4 000000b4 t C3Di_AptEventHook
00101188 00000004 W C3Di_GasUpdate
0010118c 000001d0 T C3D_Init
0010135c 00000098 T C3D_SetViewport
001013f4 000004e8 T C3Di_UpdateContext
001018dc 000000e0 T C3Di_SplitFrame
001019bc 00000044 T C3D_Fini
00101a00 00000194 T C3D_BindProgram
00101b94 00000024 T BufInfo_Init
00101bb8 00000080 T BufInfo_Add
00101c38 00000020 T C3D_GetBufInfo
00101c58 00000048 T C3Di_BufInfoBind
00101ca0 00000148 T C3D_DrawArrays
00101de8 00000040 T C3D_DepthMap
00101e28 0000001c T C3D_CullFace
00101e44 00000040 T C3D_StencilTest
00101e84 00000024 T C3D_StencilOp
00101ea8 0000001c T C3D_BlendingColor
00101ec4 00000024 T C3D_EarlyDepthTest
00101ee8 0000002c T C3D_DepthTest
00101f14 0000002c T C3D_AlphaTest
00101f40 00000050 T C3D_AlphaBlend
00101f90 00000030 T C3D_FragOpMode
00101fc0 00000044 T C3D_FragOpShadow
00102004 000001ac T C3Di_EffectBind
001021b0 0000001c T C3D_CalcColorBufSize
001021cc 0000001c T C3D_CalcDepthBufSize
001021e8 00000044 T C3D_SetFrameBuf
0010222c 0000016c T C3Di_FrameBufBind
00102398 000000c8 T C3D_FrameBufClear
00102460 00000044 T C3D_FrameBufTransfer
001024a4 000000a8 T C3D_ImmSendAttrib
0010254c 0000004c t onVBlank0
00102598 0000004c t onVBlank1
001025e4 00000080 t C3Di_RenderTargetDestroy
00102664 000000f4 t onQueueFinish
00102758 00000038 T C3Di_RenderQueueEnableVBlank
00102790 00000030 T C3Di_RenderQueueDisableVBlank
001027c0 00000060 T C3Di_RenderQueueInit
00102820 000000b4 T C3Di_RenderQueueExit
001028d4 00000034 T C3Di_RenderQueueWaitDone
00102908 000000e8 T C3D_FrameBegin
001029f0 00000048 T C3D_FrameDrawOn
00102a38 000001d0 T C3D_FrameEnd
00102c08 00000170 T C3D_RenderTargetCreate
00102d78 000000a8 T C3D_RenderTargetSetOutput
00102e20 000000fc T C3D_SyncTextureCopy
00102f1c 000003d8 t Tex3DSi_ImportCommon
001032f4 00000034 T Tex3DS_TextureImport
00103328 00000004 T Tex3DS_TextureFree
0010332c 00000034 T C3D_GetTexEnv
00103360 00000024 T C3Di_TexEnvBind
00103384 00000290 T C3D_TexInitWithParams
00103614 000000c8 T C3D_TexLoadImage
001036dc 00000044 T C3D_TexBind
00103720 00000074 T C3D_TexDelete
00103794 0000014c T C3Di_SetTex
001038e0 00000290 T C3D_UpdateUniforms
00103b70 000000c0 T C3Di_DirtyUniforms
00103c30 000000d8 T C3Di_LoadShaderUniforms
00103d08 00000028 T C3Di_ClearShaderUniforms
00103d30 00000094 T Mtx_PerspTilt
00103dc4 000000a4 T Mtx_RotateX
00103e68 000000a0 T Mtx_RotateY
00103f08 000000a4 T Mtx_Translate
00103fac 00000024 t addrMapNodeComparator(rbtree_node const*, rbtree_node const*)
00103fd0 00000004 t addrMapNodeDestructor(rbtree_node*)
00103fd4 0000012c T linearMemAlign
00104100 00000008 T linearAlloc
00104108 0000005c T linearFree
00104164 00000088 T MemPool::CoalesceRight(MemBlock*)
001041ec 00000178 T MemPool::Allocate(MemChunk&, unsigned long, int)
00104364 00000118 T MemPool::Deallocate(MemChunk const&)
0010447c 00000030 T MemPool::GetFreeSpace()
001044ac 00000024 t addrMapNodeComparator(rbtree_node const*, rbtree_node const*)
001044d0 00000004 t addrMapNodeDestructor(rbtree_node*)
001044d4 00000248 T vramMemAlignAt
0010471c 0000000c T vramAlloc
00104728 0000000c T vramAllocAt
00104734 00000094 T vramFree
001047c8 000000cc t gfxPresentFramebuffer
00104894 000000f8 T gfxSetScreenFormat
0010498c 000000d8 T gfxInit
00104a64 00000010 T gfxInitDefault
00104a74 000000b8 T gfxExit
00104b2c 000000a0 T gfxGetFramebuffer
00104bcc 00000028 T gfxScreenSwapBuffers
00104bf4 00000074 T osConvertVirtToPhys
00104c68 00000034 T __ctru_speedup_config
00104c9c 0000013c T GPUCMD_Add
00104dd8 000000b0 T GPUCMD_Split
00104e88 00000034 T f32tof16
00104ebc 00000034 T f32tof24
00104ef0 00000038 T f32tof31
00104f28 00000010 T GX_BindQueue
00104f38 0000007c T GX_ProcessCommandList
00104fb4 00000074 T GX_MemoryFill
00105028 00000074 T GX_DisplayTransfer
0010509c 00000078 T GX_TextureCopy
00105114 00000064 t gxCmdQueueDoCommands.part.0
00105178 000000e4 T gxCmdQueueInterrupt
0010525c 00000068 T gxCmdQueueClear
001052c4 00000108 T gxCmdQueueAdd
001053cc 00000080 T gxCmdQueueRun
0010544c 00000064 T gxCmdQueueStop
001054b0 0000008c T gxCmdQueueWait
0010553c 000001e0 T shaderInstanceInit
0010571c 00000018 T shaderInstanceGetUniformLocation
00105734 0000001c T shaderProgramInit
00105750 00000074 T shaderProgramFree
001057c4 00000094 T shaderProgramSetVsh
00105858 000008d0 T shaderProgramConfigure
00106128 000001dc t DVLE_GenerateOutmap.part.0
00106304 000001ac T DVLB_ParseFile
001064b0 00000050 T DVLB_Free
00106500 00000074 T DVLE_GetUniformRegister
00106574 00000180 t aptConvertScreenForCapture
001066f4 00000008 W aptDspSleep
001066fc 00000004 W aptDspWakeup
00106700 00000004 W aptDspCancel
00106704 00000138 T aptSendCommand
00106840 00000044 t aptExitProcess
00106884 00000394 T aptExit
00106c18 000000d8 T aptHandleSleep
00106cf0 00000034 T aptHook
00106d24 00000030 T aptUnhook
00106d54 00000084 T APT_SleepIfShellClosed
00106dd8 00000078 T aptSetSleepAllowed
00106e50 00000084 T APT_UnlockTransition
00106ed8 00000470 t aptEventHandler
00107348 000000bc T APT_ReceiveParameter
00107404 000000b0 t aptReceiveParameter.constprop.0
001074b8 00000294 t aptScreenTransfer
0010774c 000002d0 t aptWaitForWakeUp.isra.0
00107a1c 000000f4 T aptJumpToHomeMenu
00107b10 00000058 T aptMainLoop
00107b68 00000240 T aptInit
00107da8 00000090 T APT_CheckNew3DS
00107e38 00000c70 t gspHardwareInit
00108aa8 00000280 T gspInit
00108d28 00000110 T gspExit
00108e38 00000010 T gspHasGpuRight
00108e48 000000a4 T gspPresentBuffer
00108eec 00000030 T gspSetEventCallback
00108f1c 00000050 T gspWaitForEvent
00108f6c 0000004c T gspWaitForAnyEvent
00108fb8 00000154 t gspEventThreadMain
0010910c 0000012c T gspSubmitGxCommand
00109238 00000050 T GSPGPU_FlushDataCache
00109288 00000034 T GSPGPU_SetLcdForceBlack
001092bc 00000080 T GSPGPU_AcquireRight
0010933c 0000005c T GSPGPU_ReleaseRight
00109398 0000007c T GSPGPU_ImportDisplayCaptureInfo
00109414 0000002c T GSPGPU_SaveVramSysArea
00109440 0000002c T GSPGPU_RestoreVramSysArea
0010946c 00000024 W hidShouldUseIrrst
00109490 000001cc T hidInit
0010965c 000000e8 T hidExit
00109744 000002a0 T hidScanInput
001099e4 00000010 T hidKeysDown
001099f4 000001a4 T irrstInit
00109b98 000000dc T irrstExit
00109c74 000000b4 T irrstScanInput
00109d28 00000024 T irrstKeysHeld
00109d4c 00000078 T ptmSysmInit
00109dc4 0000003c T ptmSysmExit
00109e00 00000034 T PTMSYSM_ConfigureNew3DSCPU
00109e34 000000e0 t buffer_read
00109f14 000000cc t iov_read
00109fe0 00000164 t iov_memmove
0010a144 000001e0 t decompress_rle
0010a324 00000264 t decompress_lzss
0010a588 00000418 t decompress_lz11
0010a9a0 0000031c t decompress_huff.isra.0
0010acbc 000000e4 T decompressHeader
0010ada0 0000021c T decompressV
0010afbc 00000074 T rbtree_find
0010b030 00000010 T rbtree_init
0010b040 00000198 t do_insert
0010b1d8 00000008 T rbtree_insert
0010b1e0 00000310 T rbtree_remove
0010b4f0 00000090 T rbtree_rotate
0010b580 000001e8 W __system_allocateHeaps
0010b768 00000038 W __libctru_init
0010b7a0 0000016c W __system_initArgv
0010b90c 00000030 T __syscall_getreent
0010b93c 00000004 T __syscall_lock_acquire_recursive
0010b940 00000004 T __syscall_lock_release_recursive
0010b944 00000004 T __syscall_exit
0010b948 00000054 T initThreadVars
0010b99c 00000080 T __system_initSyscalls
0010ba1c T svcControlMemory
0010ba3c T svcQueryMemory
0010ba6c T svcExitProcess
0010ba74 T svcCreateThread
0010ba94 T svcExitThread
0010ba9c T svcSleepThread
0010baa4 T svcReleaseMutex
0010baac T svcCreateEvent
0010bac0 T svcSignalEvent
0010bac8 T svcClearEvent
0010bad0 T svcMapMemoryBlock
0010bad8 T svcUnmapMemoryBlock
0010bae0 T svcCreateAddressArbiter
0010baf4 T svcArbitrateAddressNoTimeout
0010bafc T svcCloseHandle
0010bb04 T svcWaitSynchronization
0010bb0c T svcWaitSynchronizationN
0010bb34 T svcDuplicateHandle
0010bb48 T svcGetSystemTick
0010bb50 T svcConnectToPort
0010bb64 T svcSendSyncRequest
0010bb6c T svcGetResourceLimit
0010bb80 T svcGetResourceLimitLimitValues
0010bb88 T svcGetResourceLimitCurrentValues
0010bb90 T svcBreak
0010bb98 W initSystem
0010bbe8 W __ctru_exit
0010bbfc 0000008c W envGetHandle
0010bc88 00000050 W envDestroyHandles
0010bcd8 00000164 T srvInit
0010be3c 00000064 T srvExit
0010bea0 00000060 T srvEnableNotification
0010bf00 000000a0 T srvGetServiceHandleDirect
0010bfa0 00000048 T srvGetServiceHandle
0010bfe8 00000034 T srvSubscribe
0010c01c 00000060 T srvReceiveNotification
0010c07c 00000038 T srvPublishToSubscriber
0010c0b4 0000000c T __sync_init
0010c0c0 00000018 T __sync_fini
0010c0d8 00000028 T syncArbitrateAddress
0010c100 000000ac T LightLock_Lock
0010c1ac 00000040 T LightLock_Unlock
0010c1ec 00000054 T RecursiveLock_Lock
0010c240 00000054 T RecursiveLock_Unlock
0010c294 00000044 T LightEvent_Init
0010c2d8 000000b8 T LightEvent_Clear
0010c390 000000dc T LightEvent_Signal
0010c46c 00000050 T LightEvent_TryWait
0010c4bc 000000ac T LightEvent_Wait
0010c568 000001fc T threadCreate
0010c764 00000038 T threadFree
0010c79c 00000024 T threadJoin
0010c7c0 00000030 T threadGetCurrent
0010c7f0 00000040 T threadExit
0010c830 00000020 t _thread_begin
0010c850 00000090 t mappableFindAddressWithin
0010c8e0 00000028 T mappableInit
0010c908 0000007c T mappableAlloc
0010c984 00000004 T mappableFree
0010c988 0000000c T srvPmGetSessionHandle
0010c994 00000060 T rbtree_node_next
0010c9f4 00000030 W __appExit
0010ca24 00000030 W __appInit
0010ca54 00000090 W __libctru_exit
0010cae4 00000014 t archive_link
0010caf8 00000014 t archive_dirreset
0010cb0c 00000014 t archive_chmod
0010cb20 00000024 t error_cmp
0010cb44 00000050 t archive_translate_error
0010cb94 000000c0 t archive_seek
0010cc54 00000078 t _archiveInit.part.0
0010cccc 000000d4 t archiveFindDevice.part.0
0010cda0 00000298 t archive_utf16path
0010d038 00000098 t _archiveUnmountDeviceStruct.part.0
0010d0d0 00000014 t archive_statvfs
0010d0e4 00000014 t archive_fchmod
0010d0f8 00000178 t _archiveMountDevice
0010d270 000000f8 t archive_diropen
0010d368 000000ac t archive_fstat
0010d414 00000074 t archive_fsync
0010d488 00000074 t archive_close
0010d4fc 00000078 t archive_dirclose
0010d574 000000ec t sdmc_statvfs
0010d660 000000f8 t archive_chdir
0010d758 0000008c t archive_ftruncate
0010d7e4 000000bc t archive_read
0010d8a0 000000a8 t archive_unlink
0010d948 000000c0 t archive_rmdir
0010da08 000000d8 t archive_mkdir
0010dae0 000001a0 t archive_stat
0010dc80 00000164 t archive_dirnext
0010dde4 0000013c t archive_write
0010df20 00000254 t archive_open
0010e174 00000270 t archive_rename
0010e3e4 000001c8 T archiveMountSdmc
0010e5ac 00000054 T archiveUnmountAll
0010e600 00000104 T fsInit
0010e704 0000003c T fsExit
0010e740 00000068 T fsExemptFromSession
0010e7a8 00000050 T fsUnexemptFromSession
0010e7f8 000000cc T FSUSER_OpenFile
0010e8c4 000000b8 T FSUSER_DeleteFile
0010e97c 000000f4 T FSUSER_RenameFile
0010ea70 000000b8 T FSUSER_DeleteDirectory
0010eb28 000000d0 T FSUSER_CreateFile
0010ebf8 000000c0 T FSUSER_CreateDirectory
0010ecb8 000000f4 T FSUSER_RenameDirectory
0010edac 000000b4 T FSUSER_OpenDirectory
0010ee60 00000090 T FSUSER_OpenArchive
0010eef0 0000008c T FSUSER_CloseArchive
0010ef7c 00000074 T FSUSER_GetSdmcArchiveResource
0010eff0 00000064 T FSUSER_IsSdmcWritable
0010f054 00000064 T FSFILE_Read
0010f0b8 0000006c T FSFILE_Write
0010f124 00000044 T FSFILE_GetSize
0010f168 00000028 T FSFILE_SetSize
0010f190 0000003c T FSFILE_Close
0010f1cc 00000024 T FSFILE_Flush
0010f1f0 00000060 T FSDIR_Read
0010f250 0000003c T FSDIR_Close
0010f28c 00000140 T decode_utf8
0010f3cc 000000e8 T utf16_to_utf8
0010f4b4 000000c0 T utf8_to_utf16
0010f574 T __aeabi_read_tp
0010f580 00000054 T decode_utf16
0010f5d4 00000054 T encode_utf16
0010f628 000000e0 T encode_utf8
0010f708 00000264 T sinf
0010f96c 00000070 T tanf
0010f9dc 00000024 t with_errnof
0010fa00 0000001c T __math_invalidf
0010fa20 0000025c T cosf
0010fc7c 000002e0 T __ieee754_rem_pio2f
0010ff5c 0000020c T __kernel_tanf
00110168 00000010 T fabsf
00110178 00000898 T __kernel_rem_pio2f
00110a10 0000012c T scalbnf
00110b3c 000000c0 T floorf
00110bfc 000000d8 T strncmp
00110cd4 0000008c T strlen
00110d60 000001ec t _strtoul_l.isra.0
00110f4c 0000003c T strtoul
00110f88 00000084 T __libc_init_array
0011100c 0000009c T strncat
001110a8 00000078 T bsearch
00111120 0000000c T __errno
0011112c 00000028 T calloc
00111154 000000d8 T _calloc_r
0011122c 00000028 T memalign
00111254 0000082c T _malloc_r
00111a80 00000114 T _malloc_trim_r
00111b94 00000314 T _free_r
00111ea8 0000003c T strnlen
00111ee4 00000040 T malloc
00111f24 00000020 T free
00111f44 000000e4 T memset
00112028 0000000c T __malloc_lock
00112034 0000000c T __malloc_unlock
00112040 00000004 W __call_exitprocs
00112044 00000030 T exit
00112074 000000d4 T strncpy
00112148 0000012c T memcpy
00112274 0000016c T _memalign_r
001123e0 0000003c T __libc_fini_array
0011241c 00000020 T _exit
0011243c 00000140 T chdir
0011257c 000001c8 T _concatenate_path
00112744 0000002c T __getreent
00112770 00000008 t null_write
00112778 00000018 T setDefaultDevice
00112790 000000c4 T FindDevice
00112854 00000028 T RemoveDevice
0011287c 00000098 T AddDevice
00112914 00000020 T GetDeviceOpTab
00112934 00000078 W _sbrk_r
001129ac 0000001c T __libc_lock_acquire_recursive
001129c8 0000001c T __libc_lock_release_recursive
001129e4 00000140 T strchr
00112b24 00000048 T strrchr
00112b6c T _fini
00113000 00000480 r vertex_list
00113480 00000040 r material
001134cc R vshader_shbin
001136d4 R kitten_t3x
001136d4 R vshader_shbin_end
00113ff5 R kitten_t3x_end
001140d0 00000004 r depthFmtSizes
001140d4 00000005 r colorFmtSizes
001140dc 00000038 r CSWTCH.19
0011413c 00000008 r morton_y.2
00114144 00000008 r morton_x.3
0011414c 00000008 r s_sleepWakeEvents.4
00114154 0000000c r serviceNameTable.5
00114184 00000030 r error_table
001141b4 00000080 r archive_devoptab
00114234 00000060 R __inv_pio4
00114298 000000e0 R __sincosf_table
00114378 00000080 r npio2_hw
001143f8 00000318 r two_over_pi
00114710 0000002c r PIo2
0011473c 0000000c r init_jk
00114748 00000101 R _ctype_
0011484c 00000080 R dotab_stdnull
001148cc R __tdata_align
001148d0 r __EH_FRAME_BEGIN__
001148d0 R __exidx_end
001148d0 R __exidx_start
00115000 00000008 d framerateCounter
00115008 00000004 d framerate
0011500c 00000004 d queueLock
00115010 00000004 d aptChainloadDeliverArgSize
00115014 00000004 d kCount
00115018 00000004 d kInterval
0011501c 00000004 d kDelay
00115020 W __stacksize__
00115024 00000004 D __malloc_sbrk_base
00115028 00000004 D __malloc_trim_threshold
00115030 00000408 D __malloc_av_
00115438 00000004 D _impure_ptr
00115440 00000140 D _impure_data
00115580 00000400 d _current_working_directory
00115980 0000008c D devoptab_list
00115a0c 00000004 d defaultDevice
00115a18 d _GLOBAL_OFFSET_TABLE_
00115a24 d __frame_dummy_init_array_entry
00115a24 D __init_array_start
00115a24 B __preinit_array_end
00115a24 B __preinit_array_start
00115a24 D __tdata_lma
00115a24 D __tdata_lma_end
00115a28 d __do_global_dtors_aux_fini_array_entry
00115a28 D __fini_array_start
00115a28 D __init_array_end
00115a2c D __bss_start__
00115a2c D __fini_array_end
00115a2c 00000004 b vshader_dvlb
00115a30 00000014 b program
00115a44 00000004 b uLoc_projection
00115a48 00000004 b uLoc_modelView
00115a4c 00000004 b uLoc_lightVec
00115a50 00000004 b uLoc_lightHalfVec
00115a54 00000004 b uLoc_lightClr
00115a58 00000004 b uLoc_material
00115a5c 00000040 b projection
00115a9c 00000004 b vbo_data
00115aa0 00000018 b kitten_tex
00115ab8 00000004 b angleX
00115abc 00000004 b angleY
00115ac0 b completed.1
00115ac4 b object.0
00115adc 0000000c b hookCookie
00115ae8 000002d0 B __C3D_Context
00115db8 00000004 b frameEndCbData
00115dbc 00000004 b frameEndCb
00115dc0 00000008 b frameCounter
00115dc8 00000001 b isTopStereo
00115dc9 00000001 b needSwapBot
00115dca 00000001 b needSwapTop
00115dcb 00000001 b measureGpuTime
00115dcc 00000001 b inSafeTransfer
00115dcd 00000001 b inFrame
00115dd0 00000010 b cpuTime
00115de0 00000010 b gpuTime
00115df0 0000000c b linkedTarget
00115dfc 00000004 b lastTarget
00115e00 00000004 b firstTarget
00115e04 00000008 b C3Di_IVUnifEverDirty
00115e0c 000000c0 b C3Di_FVUnifEverDirty
00115ecc 00000018 b C3Di_ShaderFVecData
00115ee4 00000002 B C3D_BoolUnifsDirty
00115ee8 00000008 B C3D_IVUnifDirty
00115ef0 000000c0 B C3D_FVUnifDirty
00115fb0 00000004 B C3D_BoolUnifs
00115fb4 00000020 B C3D_IVUnif
00115fd4 00000c00 B C3D_FVUnif
00116bd8 00000008 b sLinearPool
00116be0 0000000c b sAddrMap
00116bf0 00000008 b sVramPoolB
00116bf8 00000008 b sVramPoolA
00116c00 0000000c b sAddrMap
00116c0c 00000004 b screenAlloc
00116c10 00000004 b screenFree
00116c14 00000002 b gfxIsDoubleBuf
00116c18 00000002 b gfxCurBuf
00116c1a 00000001 b gfxIsVram
00116c1b 00000001 b gfxTopMode
00116c1c 00000002 b gfxFramebufferFormats
00116c20 00000004 b gfxBottomFramebufferMaxSize
00116c24 00000004 b gfxTopFramebufferMaxSize
00116c28 00000008 b gfxBottomFramebuffers
00116c30 00000008 b gfxTopFramebuffers
00116c38 00000001 V __ctru_speedup
00116c3c 00000004 B gpuCmdBufOffset
00116c40 00000004 B gpuCmdBufSize
00116c44 00000004 B gpuCmdBuf
00116c48 00000004 b boundQueue
00116c4c 00000001 b shouldStop
00116c4d 00000001 b isRunning
00116c4e 00000001 b isActive
00116c50 00000004 b curQueue
00116c54 00000001 b flagValue.0
00116c55 00000001 b flagInit.1
00116c58 00000004 b serviceName.6
00116c5c 00000001 b aptChainloadFlags
00116c5d 00000001 b aptChainloadMediatype
00116c60 00000020 b aptChainloadHmac
00116c80 00000300 b aptChainloadDeliverArg
00116f80 00000008 b aptChainloadTid
00116f88 00001000 b aptParameters
00117f88 00000004 b aptFlags
00117f8c 00000001 b aptHomeButtonState
00117f90 00000004 b aptMessageFuncData
00117f94 00000004 b aptMessageFunc
00117f98 0000000c b aptFirstHook
00117fa4 00000001 b aptEventHandlerThreadQuit
00117fa8 00000004 b aptEventHandlerThread
00117fac 00000008 b aptSleepEvent
00117fb4 00000008 b aptReceiveEvent
00117fbc 00000008 b aptEvents
00117fc4 00000004 b aptLockHandle
00117fc8 00000004 b aptRefCount
00117fcc 00000007 b gspEventCbOneShot
00117fd4 0000001c b gspEventCbData
00117ff0 0000001c b gspEventCb
0011800c 00000038 b gspEvents
00118044 00000004 b gspLastEvent
00118048 00000001 b gspRunEvents
0011804c 00000004 b gspEventThread
00118050 00000004 b gspEvent
00118054 00000001 b gspGpuRight
00118055 00000001 b gspThreadId
00118058 00000004 b gspSharedMem
0011805c 00000004 b gspSharedMemHandle
00118060 00000004 b gspRefCount
00118064 00000004 b gspGpuHandle
00118068 00000001 b usingIrrst
0011806c 00000004 b hidRefCount
00118070 00000006 b gRate
00118078 00000006 b aVec
00118080 00000004 b cPos
00118084 00000004 b tPos
00118088 00000004 b kRepeat
0011808c 00000004 b kUp
00118090 00000004 b kDown
00118094 00000004 b kHeld
00118098 00000004 b kOld
0011809c 00000004 B hidSharedMem
001180a0 00000014 B hidEvents
001180b4 00000004 B hidMemHandle
001180b8 00000004 B hidHandle
001180bc 00000004 b irrstRefCount
001180c0 00000004 b csPos
001180c4 00000004 b kHeld
001180c8 00000004 B irrstSharedMem
001180cc 00000004 B irrstEvent
001180d0 00000004 B irrstMemHandle
001180d4 00000004 B irrstHandle
001180d8 00000004 b ptmSysmRefCount
001180dc 00000004 b ptmSysmHandle
001180e0 00000004 V __ctru_linear_heap_size
001180e4 00000004 V __ctru_heap_size
001180e8 00000004 B __ctru_linear_heap
001180ec 00000004 B __ctru_heap
001180f0 00000004 B __system_retAddr
001180f4 00000004 B __system_argv
001180f8 00000004 B __system_argc
001180fc b saved_stack
00118104 00000004 B __3dslink_host
00118108 00000004 b srvRefCount
0011810c 00000004 b srvHandle
00118110 00000004 b arbiter
00118114 00000004 b currentAddr
00118118 00000004 b maxAddr
0011811c 00000004 b minAddr
00118120 00000004 b srvPmHandle
00118128 000005c0 b archive_devices
001186e8 00000004 b archive_device_cwd
001186ec 00000001 b archive_initialized
001186f0 00000080 b fsExemptArchives
00118770 00000004 b fsuRefCount
00118774 00000004 b fsuHandle
00118778 00000168 B __sf
001188e0 00000004 B __stdio_exit_handler
001188e4 00000028 B __malloc_current_mallinfo
0011890c 00000004 B __malloc_max_total_mem
00118910 00000004 B __malloc_max_sbrked_mem
00118914 00000004 B __malloc_top_pad
00118918 0000000c b __malloc_recursive_mutex
00118924 00000400 b temp_cwd
00118d24 00000004 B fake_heap_start
00118d28 00000004 B fake_heap_end
00118d2c 00000004 b heap_start.0
00118d30 B __tls_start
00119938 B __bss_end__
00119938 A __end__
00119938 B __tls_end
